<?xml version="1.0" encoding="UTF-8"?>
<!-- Generated by org.testng.reporters.JUnitReportReporter -->
<testsuite skipped="0" hostname="DESKTOP-DVR2LM9" name="BaseClass.TestBaseClass" tests="1" failures="0" timestamp="2020-07-14T18:00:07 IST" time="0.216" errors="0">
  <testcase name="test" time="0.216" classname="BaseClass.TestBaseClass"/>
  <system-out/>
</testsuite> <!-- BaseClass.TestBaseClass -->
